Performing C SOURCE FILE Test CMAKE_HAVE_LIBC_PTHREAD failed with the following output:
Change Dir: /home/studen/catkin_tello_ws/build/tello_ros/CMakeFiles/CMakeTmp

Run Build Command(s):/usr/bin/make cmTC_54ff4/fast && /usr/bin/make -f CMakeFiles/cmTC_54ff4.dir/build.make CMakeFiles/cmTC_54ff4.dir/build
make[1]: Entering directory '/home/studen/catkin_tello_ws/build/tello_ros/CMakeFiles/CMakeTmp'
Building C object CMakeFiles/cmTC_54ff4.dir/src.c.o
/usr/bin/cc   -DCMAKE_HAVE_LIBC_PTHREAD   -o CMakeFiles/cmTC_54ff4.dir/src.c.o   -c /home/studen/catkin_tello_ws/build/tello_ros/CMakeFiles/CMakeTmp/src.c
Linking C executable cmTC_54ff4
/usr/bin/cmake -E cmake_link_script CMakeFiles/cmTC_54ff4.dir/link.txt --verbose=1
/usr/bin/cc  -DCMAKE_HAVE_LIBC_PTHREAD    -rdynamic CMakeFiles/cmTC_54ff4.dir/src.c.o  -o cmTC_54ff4 
/usr/bin/ld: CMakeFiles/cmTC_54ff4.dir/src.c.o: in function `main':
src.c:(.text+0x46): undefined reference to `pthread_create'
/usr/bin/ld: src.c:(.text+0x52): undefined reference to `pthread_detach'
/usr/bin/ld: src.c:(.text+0x63): undefined reference to `pthread_join'
collect2: error: ld returned 1 exit status
make[1]: *** [CMakeFiles/cmTC_54ff4.dir/build.make:87: cmTC_54ff4] Error 1
make[1]: Leaving directory '/home/studen/catkin_tello_ws/build/tello_ros/CMakeFiles/CMakeTmp'
make: *** [Makefile:121: cmTC_54ff4/fast] Error 2


Source file was:
#include <pthread.h>

void* test_func(void* data)
{
  return data;
}

int main(void)
{
  pthread_t thread;
  pthread_create(&thread, NULL, test_func, NULL);
  pthread_detach(thread);
  pthread_join(thread, NULL);
  pthread_atfork(NULL, NULL, NULL);
  pthread_exit(NULL);

  return 0;
}

Determining if the function pthread_create exists in the pthreads failed with the following output:
Change Dir: /home/studen/catkin_tello_ws/build/tello_ros/CMakeFiles/CMakeTmp

Run Build Command(s):/usr/bin/make cmTC_6de0d/fast && /usr/bin/make -f CMakeFiles/cmTC_6de0d.dir/build.make CMakeFiles/cmTC_6de0d.dir/build
make[1]: Entering directory '/home/studen/catkin_tello_ws/build/tello_ros/CMakeFiles/CMakeTmp'
Building C object CMakeFiles/cmTC_6de0d.dir/CheckFunctionExists.c.o
/usr/bin/cc   -DCHECK_FUNCTION_EXISTS=pthread_create   -o CMakeFiles/cmTC_6de0d.dir/CheckFunctionExists.c.o   -c /usr/share/cmake-3.16/Modules/CheckFunctionExists.c
Linking C executable cmTC_6de0d
/usr/bin/cmake -E cmake_link_script CMakeFiles/cmTC_6de0d.dir/link.txt --verbose=1
/usr/bin/cc  -DCHECK_FUNCTION_EXISTS=pthread_create    -rdynamic CMakeFiles/cmTC_6de0d.dir/CheckFunctionExists.c.o  -o cmTC_6de0d  -lpthreads 
/usr/bin/ld: cannot find -lpthreads
collect2: error: ld returned 1 exit status
make[1]: *** [CMakeFiles/cmTC_6de0d.dir/build.make:87: cmTC_6de0d] Error 1
make[1]: Leaving directory '/home/studen/catkin_tello_ws/build/tello_ros/CMakeFiles/CMakeTmp'
make: *** [Makefile:121: cmTC_6de0d/fast] Error 2



